<?xml version="1.0" encoding="UTF-8"?>
<!-- Generated by org.testng.reporters.JUnitReportReporter -->
<testsuite hostname="NikJaan14" failures="0" tests="1" name="testNG_Basics.Learnig_Soft_Assert_Assertion" time="7.243" errors="0" timestamp="2023-06-12T11:35:18 IST" skipped="0">
  <testcase classname="testNG_Basics.Learnig_Soft_Assert_Assertion" name="softAssert" time="7.243"/>
  <system-out/>
</testsuite> <!-- testNG_Basics.Learnig_Soft_Assert_Assertion -->
