<?xml version="1.0" encoding="UTF-8"?>
<!-- Generated by org.testng.reporters.JUnitReportReporter -->
<testsuite hostname="NikJaan14" failures="0" tests="3" name="testNG_Basics.Test_NG_Priority_Functionality" time="19.214" errors="0" timestamp="2023-06-01T11:26:33 IST" skipped="0">
  <testcase classname="testNG_Basics.Test_NG_Priority_Functionality" name="RegisterTest" time="7.786"/>
  <system-out/>
  <testcase classname="testNG_Basics.Test_NG_Priority_Functionality" name="LoginTest" time="6.133"/>
  <system-out/>
  <testcase classname="testNG_Basics.Test_NG_Priority_Functionality" name="SearchTest" time="5.295"/>
  <system-out/>
</testsuite> <!-- testNG_Basics.Test_NG_Priority_Functionality -->
