<?xml version="1.0" encoding="UTF-8"?>
<!-- Generated by org.testng.reporters.JUnitReportReporter -->
<testsuite hostname="Nikhil" failures="0" tests="1" name="test_Cases.DWS_Newsletter_Test_Case" time="2.234" errors="0" timestamp="2023-06-24T12:29:12 IST" skipped="0">
  <testcase classname="test_Cases.DWS_Newsletter_Test_Case" name="newsLetter" time="2.234"/>
  <system-out/>
</testsuite> <!-- test_Cases.DWS_Newsletter_Test_Case -->
