<?xml version="1.0" encoding="UTF-8"?>
<!-- Generated by org.testng.reporters.JUnitReportReporter -->
<testsuite hostname="NikJaan14" failures="0" tests="1" name="testNG_Basics.Working_With_Parameters" time="8.686" errors="0" timestamp="2023-06-02T12:32:07 IST" skipped="0">
  <testcase classname="testNG_Basics.Working_With_Parameters" name="parameter_Demo" time="8.686"/>
  <system-out/>
</testsuite> <!-- testNG_Basics.Working_With_Parameters -->
