<?xml version="1.0" encoding="UTF-8"?>
<!-- Generated by org.testng.reporters.JUnitReportReporter -->
<testsuite hostname="Nikhil" failures="0" tests="1" name="testNG_Basics.Learnig_Soft_Assert_Assertion" time="48.087" errors="0" timestamp="2023-08-09T17:02:09 IST" skipped="0">
  <testcase classname="testNG_Basics.Learnig_Soft_Assert_Assertion" name="softAssert" time="48.087"/>
  <system-out/>
</testsuite> <!-- testNG_Basics.Learnig_Soft_Assert_Assertion -->
