<?xml version="1.0" encoding="UTF-8"?>
<!-- Generated by org.testng.reporters.JUnitReportReporter -->
<testsuite hostname="NikJaan14" failures="0" tests="1" name="testNG_Basics.Test_NG_Groups_Functionality2" time="0.018" errors="0" timestamp="2023-06-05T14:25:48 IST" skipped="0">
  <testcase classname="testNG_Basics.Test_NG_Groups_Functionality2" name="VoteTest" time="0.018"/>
  <system-out/>
</testsuite> <!-- testNG_Basics.Test_NG_Groups_Functionality2 -->
