<?xml version="1.0" encoding="UTF-8"?>
<!-- Generated by org.testng.reporters.JUnitReportReporter -->
<testsuite hostname="NikJaan14" failures="0" tests="3" name="testNG_Basics.Test_NG_DependsOnMethod_Functionality" time="25.793" errors="0" timestamp="2023-06-02T10:24:50 IST" skipped="0">
  <testcase classname="testNG_Basics.Test_NG_DependsOnMethod_Functionality" name="SearchTest" time="6.521"/>
  <system-out/>
  <testcase classname="testNG_Basics.Test_NG_DependsOnMethod_Functionality" name="RegisterTest" time="11.128"/>
  <system-out/>
  <testcase classname="testNG_Basics.Test_NG_DependsOnMethod_Functionality" name="LoginTest" time="8.144"/>
  <system-out/>
</testsuite> <!-- testNG_Basics.Test_NG_DependsOnMethod_Functionality -->
