<?xml version="1.0" encoding="UTF-8"?>
<!-- Generated by org.testng.reporters.JUnitReportReporter -->
<testsuite hostname="Nikhil" failures="0" tests="3" name="test_Cases.DWS_Search_Test_Case" time="8.469" errors="0" timestamp="2023-06-24T12:29:12 IST" skipped="0">
  <testcase classname="test_Cases.DWS_Search_Test_Case" name="search" time="2.769"/>
  <system-out/>
  <testcase classname="test_Cases.DWS_Search_Test_Case" name="search" time="2.863"/>
  <system-out/>
  <testcase classname="test_Cases.DWS_Search_Test_Case" name="search" time="2.837"/>
  <system-out/>
</testsuite> <!-- test_Cases.DWS_Search_Test_Case -->
