<?xml version="1.0" encoding="UTF-8"?>
<!-- Generated by org.testng.reporters.JUnitReportReporter -->
<testsuite hostname="Nikhil" failures="0" tests="1" name="testNG_Basics.Working_With_Prperty_File" time="12.118" errors="0" timestamp="2023-06-23T12:21:49 IST" skipped="0">
  <testcase classname="testNG_Basics.Working_With_Prperty_File" name="logiToDWS" time="12.118"/>
  <system-out/>
</testsuite> <!-- testNG_Basics.Working_With_Prperty_File -->
