<?xml version="1.0" encoding="UTF-8"?>
<!-- Generated by org.testng.reporters.JUnitReportReporter -->
<testsuite hostname="NikJaan14" failures="0" tests="2" name="testNG_Basics.Test_NG_Excluding_By_XML_File_Functionality" time="0.012" errors="0" timestamp="2023-06-01T11:54:16 IST" skipped="0">
  <testcase classname="testNG_Basics.Test_NG_Excluding_By_XML_File_Functionality" name="RegisterTest" time="0.002"/>
  <system-out/>
  <testcase classname="testNG_Basics.Test_NG_Excluding_By_XML_File_Functionality" name="LoginTest" time="0.010"/>
  <system-out/>
</testsuite> <!-- testNG_Basics.Test_NG_Excluding_By_XML_File_Functionality -->
