<?xml version="1.0" encoding="UTF-8"?>
<!-- Generated by org.testng.reporters.JUnitReportReporter -->
<testsuite hostname="NikJaan14" failures="0" tests="2" name="testNG_Basics.Test_NG_Groups_Functionality1" time="0.005" errors="0" timestamp="2023-06-05T14:25:48 IST" skipped="0">
  <testcase classname="testNG_Basics.Test_NG_Groups_Functionality1" name="RegisterTest" time="0.002"/>
  <system-out/>
  <testcase classname="testNG_Basics.Test_NG_Groups_Functionality1" name="LoginTest" time="0.003"/>
  <system-out/>
</testsuite> <!-- testNG_Basics.Test_NG_Groups_Functionality1 -->
