<?xml version="1.0" encoding="UTF-8"?>
<!-- Generated by org.testng.reporters.JUnitReportReporter -->
<testsuite hostname="NikJaan14" failures="0" tests="1" name="selenium_Practice.Purchase_A_Product_Test_Case" time="27.146" errors="0" timestamp="2023-06-14T15:57:54 IST" skipped="0">
  <testcase classname="selenium_Practice.Purchase_A_Product_Test_Case" name="purchasingProductDWS" time="27.146"/>
  <system-out/>
</testsuite> <!-- selenium_Practice.Purchase_A_Product_Test_Case -->
