<?xml version="1.0" encoding="UTF-8"?>
<!-- Generated by org.testng.reporters.JUnitReportReporter -->
<testsuite hostname="Nikhil" failures="0" tests="2" name="testNG_Basics.Working_With_Cross_Browser_Testing" time="1.538" errors="0" timestamp="2023-06-29T17:32:31 IST" skipped="0">
  <testcase classname="testNG_Basics.Working_With_Cross_Browser_Testing" name="loginTest" time="0.865"/>
  <system-out/>
  <testcase classname="testNG_Basics.Working_With_Cross_Browser_Testing" name="loginTest" time="0.673"/>
  <system-out/>
</testsuite> <!-- testNG_Basics.Working_With_Cross_Browser_Testing -->
