<?xml version="1.0" encoding="UTF-8"?>
<!-- Generated by org.testng.reporters.JUnitReportReporter -->
<testsuite hostname="Nikhil" failures="0" tests="2" name="testNG_Basics.Working_With_Parallel_Execution" time="14.469" errors="0" timestamp="2023-06-24T12:08:08 IST" skipped="0">
  <testcase classname="testNG_Basics.Working_With_Parallel_Execution" name="parallelExecution" time="5.846"/>
  <system-out/>
  <testcase classname="testNG_Basics.Working_With_Parallel_Execution" name="parallelExecution" time="8.623"/>
  <system-out/>
</testsuite> <!-- testNG_Basics.Working_With_Parallel_Execution -->
