<?xml version="1.0" encoding="UTF-8"?>
<!-- Generated by org.testng.reporters.JUnitReportReporter -->
<testsuite hostname="NikJaan14" failures="0" tests="3" name="testNG_Basics.Working_With_Data_Provider" time="29.441" errors="0" timestamp="2023-06-05T12:00:00 IST" skipped="0">
  <testcase classname="testNG_Basics.Working_With_Data_Provider" name="Register" time="11.364"/>
  <system-out/>
  <testcase classname="testNG_Basics.Working_With_Data_Provider" name="Register" time="8.360"/>
  <system-out/>
  <testcase classname="testNG_Basics.Working_With_Data_Provider" name="Register" time="9.717"/>
  <system-out/>
</testsuite> <!-- testNG_Basics.Working_With_Data_Provider -->
