<?xml version="1.0" encoding="UTF-8"?>
<!-- Generated by org.testng.reporters.JUnitReportReporter -->
<testsuite hostname="NikJaan14" failures="0" tests="2" name="testNG_Basics.Test_NG_Including_By_XML_File_Functionality" time="0.015" errors="0" timestamp="2023-06-01T11:48:24 IST" skipped="0">
  <testcase classname="testNG_Basics.Test_NG_Including_By_XML_File_Functionality" name="RegisterTest" time="0.013"/>
  <system-out/>
  <testcase classname="testNG_Basics.Test_NG_Including_By_XML_File_Functionality" name="SearchTest" time="0.002"/>
  <system-out/>
</testsuite> <!-- testNG_Basics.Test_NG_Including_By_XML_File_Functionality -->
