<?xml version="1.0" encoding="UTF-8"?>
<!-- Generated by org.testng.reporters.JUnitReportReporter -->
<testsuite hostname="NikJaan14" failures="0" tests="3" name="testNG_Basics.Working_With_Annotations_Of_TestNG" time="0.018" errors="0" timestamp="2023-06-01T14:49:39 IST" skipped="0">
  <testcase classname="testNG_Basics.Working_With_Annotations_Of_TestNG" name="test" time="0.011"/>
  <system-out/>
  <testcase classname="testNG_Basics.Working_With_Annotations_Of_TestNG" name="test2" time="0.002"/>
  <system-out/>
  <testcase classname="testNG_Basics.Working_With_Annotations_Of_TestNG" name="test3" time="0.005"/>
  <system-out/>
</testsuite> <!-- testNG_Basics.Working_With_Annotations_Of_TestNG -->
