<?xml version="1.0" encoding="UTF-8"?>
<!-- Generated by org.testng.reporters.JUnitReportReporter -->
<testsuite hostname="Nikhil" failures="0" tests="3" name="test_Cases.jdjir" time="0.017" errors="0" timestamp="2023-06-24T15:27:03 IST" skipped="0">
  <testcase classname="test_Cases.jdjir" name="a" time="0.012"/>
  <system-out/>
  <testcase classname="test_Cases.jdjir" name="b" time="0.002"/>
  <system-out/>
  <testcase classname="test_Cases.jdjir" name="c" time="0.003"/>
  <system-out/>
</testsuite> <!-- test_Cases.jdjir -->
