<?xml version="1.0" encoding="UTF-8"?>
<!-- Generated by org.testng.reporters.JUnitReportReporter -->
<testsuite hostname="NikJaan14" failures="0" tests="3" name="testNG_Basics.Working_With_Test_NG" time="0.024" errors="0" timestamp="2023-06-01T17:16:49 IST" skipped="0">
  <testcase classname="testNG_Basics.Working_With_Test_NG" name="demo" time="0.003"/>
  <system-out>
    <![CDATA[Hello TestNG]]>
  </system-out>
  <testcase classname="testNG_Basics.Working_With_Test_NG" name="Demo3" time="0.003"/>
  <system-out/>
  <testcase classname="testNG_Basics.Working_With_Test_NG" name="Demo" time="0.018"/>
  <system-out/>
</testsuite> <!-- testNG_Basics.Working_With_Test_NG -->
